[[1;34mINFO[m] Scanning for projects...
[[1;33mWARNING[m] 
[[1;33mWARNING[m] Some problems were encountered while building the effective model for org.evaluate.dw:dropwizard:jar:1.0-SNAPSHOT
[[1;33mWARNING[m] 'build.plugins.plugin.version' for org.apache.maven.plugins:maven-shade-plugin is missing. @ line 135, column 15
[[1;33mWARNING[m] 
[[1;33mWARNING[m] It is highly recommended to fix these problems because they threaten the stability of your build.
[[1;33mWARNING[m] 
[[1;33mWARNING[m] For this reason, future Maven versions might no longer support building such malformed projects.
[[1;33mWARNING[m] 
[[1;34mINFO[m] 
[[1;34mINFO[m] [1m---------------------< [0;36morg.evaluate.dw:dropwizard[0;1m >---------------------[m
[[1;34mINFO[m] [1mBuilding dropwizard 1.0-SNAPSHOT[m
[[1;34mINFO[m] [1m--------------------------------[ jar ]---------------------------------[m
[[1;34mINFO[m] 
[[1;34mINFO[m] [1m--- [0;32mmaven-enforcer-plugin:1.4.1:enforce[m [1m(enforce)[m @ [36mdropwizard[0;1m ---[m
[[1;33mWARNING[m] 
Dependency convergence error for org.checkerframework:checker-qual:2.10.0 paths to dependency are:
+-org.evaluate.dw:dropwizard:1.0-SNAPSHOT
  +-io.dropwizard:dropwizard-core:2.0.9
    +-io.dropwizard:dropwizard-util:2.0.9
      +-com.google.guava:guava:28.2-jre
        +-org.checkerframework:checker-qual:2.10.0
and
+-org.evaluate.dw:dropwizard:1.0-SNAPSHOT
  +-io.dropwizard:dropwizard-core:2.0.9
    +-io.dropwizard:dropwizard-jackson:2.0.9
      +-com.github.ben-manes.caffeine:caffeine:2.8.2
        +-org.checkerframework:checker-qual:3.3.0

[[1;33mWARNING[m] 
Dependency convergence error for com.google.guava:guava:28.2-jre paths to dependency are:
+-org.evaluate.dw:dropwizard:1.0-SNAPSHOT
  +-io.dropwizard:dropwizard-core:2.0.9
    +-io.dropwizard:dropwizard-util:2.0.9
      +-com.google.guava:guava:28.2-jre
and
+-org.evaluate.dw:dropwizard:1.0-SNAPSHOT
  +-io.dropwizard:dropwizard-core:2.0.9
    +-io.dropwizard:dropwizard-jackson:2.0.9
      +-com.google.guava:guava:28.2-jre
and
+-org.evaluate.dw:dropwizard:1.0-SNAPSHOT
  +-io.dropwizard:dropwizard-core:2.0.9
    +-io.dropwizard:dropwizard-jackson:2.0.9
      +-com.fasterxml.jackson.datatype:jackson-datatype-guava:2.10.4
        +-com.google.guava:guava:20.0
and
+-org.evaluate.dw:dropwizard:1.0-SNAPSHOT
  +-io.dropwizard:dropwizard-core:2.0.9
    +-io.dropwizard:dropwizard-validation:2.0.9
      +-com.google.guava:guava:28.2-jre
and
+-org.evaluate.dw:dropwizard:1.0-SNAPSHOT
  +-io.dropwizard:dropwizard-core:2.0.9
    +-io.dropwizard:dropwizard-jersey:2.0.9
      +-com.google.guava:guava:28.2-jre

[[1;33mWARNING[m] 
Dependency convergence error for joda-time:joda-time:2.9.9 paths to dependency are:
+-org.evaluate.dw:dropwizard:1.0-SNAPSHOT
  +-io.dropwizard:dropwizard-core:2.0.9
    +-io.dropwizard:dropwizard-jackson:2.0.9
      +-com.fasterxml.jackson.datatype:jackson-datatype-joda:2.10.4
        +-joda-time:joda-time:2.9.9
and
+-org.evaluate.dw:dropwizard:1.0-SNAPSHOT
  +-io.dropwizard:dropwizard-core:2.0.9
    +-io.dropwizard:dropwizard-jersey:2.0.9
      +-joda-time:joda-time:2.10.6

[[1;33mWARNING[m] 
Dependency convergence error for org.javassist:javassist:3.25.0-GA paths to dependency are:
+-org.evaluate.dw:dropwizard:1.0-SNAPSHOT
  +-io.dropwizard:dropwizard-core:2.0.9
    +-io.dropwizard:dropwizard-jersey:2.0.9
      +-org.glassfish.jersey.inject:jersey-hk2:2.30.1
        +-org.javassist:javassist:3.25.0-GA
and
+-org.evaluate.dw:dropwizard:1.0-SNAPSHOT
  +-io.dropwizard:dropwizard-core:2.0.9
    +-io.dropwizard:dropwizard-jersey:2.0.9
      +-org.javassist:javassist:3.27.0-GA

[[1;33mWARNING[m] 
Dependency convergence error for org.apache.commons:commons-lang3:3.9 paths to dependency are:
+-org.evaluate.dw:dropwizard:1.0-SNAPSHOT
  +-io.dropwizard:dropwizard-core:2.0.9
    +-io.dropwizard:dropwizard-configuration:2.0.9
      +-org.apache.commons:commons-text:1.8
        +-org.apache.commons:commons-lang3:3.9
and
+-org.evaluate.dw:dropwizard:1.0-SNAPSHOT
  +-io.dropwizard:dropwizard-core:2.0.9
    +-io.dropwizard:dropwizard-logging:2.0.9
      +-org.apache.commons:commons-lang3:3.10
and
+-org.evaluate.dw:dropwizard:1.0-SNAPSHOT
  +-io.dropwizard:dropwizard-core:2.0.9
    +-io.dropwizard:dropwizard-jersey:2.0.9
      +-org.apache.commons:commons-lang3:3.10
and
+-org.evaluate.dw:dropwizard:1.0-SNAPSHOT
  +-io.dropwizard:dropwizard-core:2.0.9
    +-io.dropwizard:dropwizard-jetty:2.0.9
      +-org.apache.commons:commons-lang3:3.10

[[1;33mWARNING[m] 
Dependency convergence error for com.fasterxml.jackson.core:jackson-databind:2.10.4 paths to dependency are:
+-org.evaluate.dw:dropwizard:1.0-SNAPSHOT
  +-io.dropwizard:dropwizard-core:2.0.9
    +-io.dropwizard:dropwizard-jackson:2.0.9
      +-com.fasterxml.jackson.core:jackson-databind:2.10.4
and
+-org.evaluate.dw:dropwizard:1.0-SNAPSHOT
  +-io.dropwizard:dropwizard-core:2.0.9
    +-io.dropwizard:dropwizard-jackson:2.0.9
      +-com.fasterxml.jackson.datatype:jackson-datatype-guava:2.10.4
        +-com.fasterxml.jackson.core:jackson-databind:2.10.4
and
+-org.evaluate.dw:dropwizard:1.0-SNAPSHOT
  +-io.dropwizard:dropwizard-core:2.0.9
    +-io.dropwizard:dropwizard-jackson:2.0.9
      +-com.fasterxml.jackson.datatype:jackson-datatype-jsr310:2.10.4
        +-com.fasterxml.jackson.core:jackson-databind:2.10.4
and
+-org.evaluate.dw:dropwizard:1.0-SNAPSHOT
  +-io.dropwizard:dropwizard-core:2.0.9
    +-io.dropwizard:dropwizard-jackson:2.0.9
      +-com.fasterxml.jackson.datatype:jackson-datatype-jdk8:2.10.4
        +-com.fasterxml.jackson.core:jackson-databind:2.10.4
and
+-org.evaluate.dw:dropwizard:1.0-SNAPSHOT
  +-io.dropwizard:dropwizard-core:2.0.9
    +-io.dropwizard:dropwizard-jackson:2.0.9
      +-com.fasterxml.jackson.module:jackson-module-parameter-names:2.10.4
        +-com.fasterxml.jackson.core:jackson-databind:2.10.4
and
+-org.evaluate.dw:dropwizard:1.0-SNAPSHOT
  +-io.dropwizard:dropwizard-core:2.0.9
    +-io.dropwizard:dropwizard-jackson:2.0.9
      +-com.fasterxml.jackson.module:jackson-module-afterburner:2.10.4
        +-com.fasterxml.jackson.core:jackson-databind:2.10.4
and
+-org.evaluate.dw:dropwizard:1.0-SNAPSHOT
  +-io.dropwizard:dropwizard-core:2.0.9
    +-io.dropwizard:dropwizard-jackson:2.0.9
      +-com.fasterxml.jackson.datatype:jackson-datatype-joda:2.10.4
        +-com.fasterxml.jackson.core:jackson-databind:2.10.4
and
+-org.evaluate.dw:dropwizard:1.0-SNAPSHOT
  +-io.dropwizard:dropwizard-core:2.0.9
    +-io.dropwizard:dropwizard-configuration:2.0.9
      +-com.fasterxml.jackson.core:jackson-databind:2.10.4
and
+-org.evaluate.dw:dropwizard:1.0-SNAPSHOT
  +-io.dropwizard:dropwizard-core:2.0.9
    +-io.dropwizard:dropwizard-configuration:2.0.9
      +-com.fasterxml.jackson.dataformat:jackson-dataformat-yaml:2.10.4
        +-com.fasterxml.jackson.core:jackson-databind:2.10.4
and
+-org.evaluate.dw:dropwizard:1.0-SNAPSHOT
  +-io.dropwizard:dropwizard-core:2.0.9
    +-io.dropwizard:dropwizard-logging:2.0.9
      +-com.fasterxml.jackson.core:jackson-databind:2.10.4
and
+-org.evaluate.dw:dropwizard:1.0-SNAPSHOT
  +-io.dropwizard:dropwizard-core:2.0.9
    +-io.dropwizard:dropwizard-metrics:2.0.9
      +-com.fasterxml.jackson.core:jackson-databind:2.10.4
and
+-org.evaluate.dw:dropwizard:1.0-SNAPSHOT
  +-io.dropwizard:dropwizard-core:2.0.9
    +-io.dropwizard:dropwizard-jersey:2.0.9
      +-com.fasterxml.jackson.core:jackson-databind:2.10.4
and
+-org.evaluate.dw:dropwizard:1.0-SNAPSHOT
  +-io.dropwizard:dropwizard-core:2.0.9
    +-io.dropwizard:dropwizard-jersey:2.0.9
      +-com.fasterxml.jackson.jaxrs:jackson-jaxrs-json-provider:2.10.4
        +-com.fasterxml.jackson.jaxrs:jackson-jaxrs-base:2.10.4
          +-com.fasterxml.jackson.core:jackson-databind:2.10.4
and
+-org.evaluate.dw:dropwizard:1.0-SNAPSHOT
  +-io.dropwizard:dropwizard-core:2.0.9
    +-io.dropwizard:dropwizard-jersey:2.0.9
      +-com.fasterxml.jackson.jaxrs:jackson-jaxrs-json-provider:2.10.4
        +-com.fasterxml.jackson.module:jackson-module-jaxb-annotations:2.10.4
          +-com.fasterxml.jackson.core:jackson-databind:2.10.4
and
+-org.evaluate.dw:dropwizard:1.0-SNAPSHOT
  +-io.dropwizard:dropwizard-core:2.0.9
    +-io.dropwizard:dropwizard-jetty:2.0.9
      +-com.fasterxml.jackson.core:jackson-databind:2.10.4
and
+-org.evaluate.dw:dropwizard:1.0-SNAPSHOT
  +-io.dropwizard:dropwizard-core:2.0.9
    +-io.dropwizard.metrics:metrics-servlets:4.1.7
      +-io.dropwizard.metrics:metrics-json:4.1.7
        +-com.fasterxml.jackson.core:jackson-databind:2.9.10.3
and
+-org.evaluate.dw:dropwizard:1.0-SNAPSHOT
  +-io.dropwizard:dropwizard-core:2.0.9
    +-io.dropwizard.metrics:metrics-servlets:4.1.7
      +-com.fasterxml.jackson.core:jackson-databind:2.9.10.3
and
+-org.evaluate.dw:dropwizard:1.0-SNAPSHOT
  +-io.dropwizard:dropwizard-core:2.0.9
    +-io.dropwizard:dropwizard-request-logging:2.0.9
      +-com.fasterxml.jackson.core:jackson-databind:2.10.4
and
+-org.evaluate.dw:dropwizard:1.0-SNAPSHOT
  +-io.dropwizard:dropwizard-core:2.0.9
    +-com.fasterxml.jackson.core:jackson-databind:2.10.4

[[1;33mWARNING[m] 
Dependency convergence error for jakarta.annotation:jakarta.annotation-api:1.3.5 paths to dependency are:
+-org.evaluate.dw:dropwizard:1.0-SNAPSHOT
  +-io.dropwizard:dropwizard-core:2.0.9
    +-io.dropwizard:dropwizard-jersey:2.0.9
      +-org.glassfish.jersey.core:jersey-server:2.30.1
        +-jakarta.annotation:jakarta.annotation-api:1.3.5
and
+-org.evaluate.dw:dropwizard:1.0-SNAPSHOT
  +-io.dropwizard:dropwizard-core:2.0.9
    +-io.dropwizard:dropwizard-jersey:2.0.9
      +-jakarta.annotation:jakarta.annotation-api:1.3.5
and
+-org.evaluate.dw:dropwizard:1.0-SNAPSHOT
  +-io.dropwizard:dropwizard-core:2.0.9
    +-io.dropwizard:dropwizard-jersey:2.0.9
      +-org.glassfish.hk2:hk2-api:2.6.1
        +-org.glassfish.hk2:hk2-utils:2.6.1
          +-jakarta.annotation:jakarta.annotation-api:1.3.4
and
+-org.evaluate.dw:dropwizard:1.0-SNAPSHOT
  +-io.dropwizard:dropwizard-core:2.0.9
    +-org.glassfish.jersey.core:jersey-common:2.30.1
      +-jakarta.annotation:jakarta.annotation-api:1.3.5

[[1;33mWARNING[m] 
Dependency convergence error for org.hibernate.validator:hibernate-validator:6.1.4.Final paths to dependency are:
+-org.evaluate.dw:dropwizard:1.0-SNAPSHOT
  +-io.dropwizard:dropwizard-core:2.0.9
    +-io.dropwizard:dropwizard-validation:2.0.9
      +-org.hibernate.validator:hibernate-validator:6.1.4.Final
and
+-org.evaluate.dw:dropwizard:1.0-SNAPSHOT
  +-io.dropwizard:dropwizard-core:2.0.9
    +-io.dropwizard:dropwizard-jersey:2.0.9
      +-org.hibernate.validator:hibernate-validator:6.1.4.Final
and
+-org.evaluate.dw:dropwizard:1.0-SNAPSHOT
  +-io.dropwizard:dropwizard-core:2.0.9
    +-org.glassfish.jersey.ext:jersey-bean-validation:2.30.1
      +-org.hibernate.validator:hibernate-validator:6.0.17.Final
and
+-org.evaluate.dw:dropwizard:1.0-SNAPSHOT
  +-io.dropwizard:dropwizard-core:2.0.9
    +-org.hibernate.validator:hibernate-validator:6.1.4.Final

[[1;33mWARNING[m] Rule 0: org.apache.maven.plugins.enforcer.DependencyConvergence failed with message:
Failed while enforcing releasability the error(s) are [
Dependency convergence error for org.checkerframework:checker-qual:2.10.0 paths to dependency are:
+-org.evaluate.dw:dropwizard:1.0-SNAPSHOT
  +-io.dropwizard:dropwizard-core:2.0.9
    +-io.dropwizard:dropwizard-util:2.0.9
      +-com.google.guava:guava:28.2-jre
        +-org.checkerframework:checker-qual:2.10.0
and
+-org.evaluate.dw:dropwizard:1.0-SNAPSHOT
  +-io.dropwizard:dropwizard-core:2.0.9
    +-io.dropwizard:dropwizard-jackson:2.0.9
      +-com.github.ben-manes.caffeine:caffeine:2.8.2
        +-org.checkerframework:checker-qual:3.3.0
, 
Dependency convergence error for com.google.guava:guava:28.2-jre paths to dependency are:
+-org.evaluate.dw:dropwizard:1.0-SNAPSHOT
  +-io.dropwizard:dropwizard-core:2.0.9
    +-io.dropwizard:dropwizard-util:2.0.9
      +-com.google.guava:guava:28.2-jre
and
+-org.evaluate.dw:dropwizard:1.0-SNAPSHOT
  +-io.dropwizard:dropwizard-core:2.0.9
    +-io.dropwizard:dropwizard-jackson:2.0.9
      +-com.google.guava:guava:28.2-jre
and
+-org.evaluate.dw:dropwizard:1.0-SNAPSHOT
  +-io.dropwizard:dropwizard-core:2.0.9
    +-io.dropwizard:dropwizard-jackson:2.0.9
      +-com.fasterxml.jackson.datatype:jackson-datatype-guava:2.10.4
        +-com.google.guava:guava:20.0
and
+-org.evaluate.dw:dropwizard:1.0-SNAPSHOT
  +-io.dropwizard:dropwizard-core:2.0.9
    +-io.dropwizard:dropwizard-validation:2.0.9
      +-com.google.guava:guava:28.2-jre
and
+-org.evaluate.dw:dropwizard:1.0-SNAPSHOT
  +-io.dropwizard:dropwizard-core:2.0.9
    +-io.dropwizard:dropwizard-jersey:2.0.9
      +-com.google.guava:guava:28.2-jre
, 
Dependency convergence error for joda-time:joda-time:2.9.9 paths to dependency are:
+-org.evaluate.dw:dropwizard:1.0-SNAPSHOT
  +-io.dropwizard:dropwizard-core:2.0.9
    +-io.dropwizard:dropwizard-jackson:2.0.9
      +-com.fasterxml.jackson.datatype:jackson-datatype-joda:2.10.4
        +-joda-time:joda-time:2.9.9
and
+-org.evaluate.dw:dropwizard:1.0-SNAPSHOT
  +-io.dropwizard:dropwizard-core:2.0.9
    +-io.dropwizard:dropwizard-jersey:2.0.9
      +-joda-time:joda-time:2.10.6
, 
Dependency convergence error for org.javassist:javassist:3.25.0-GA paths to dependency are:
+-org.evaluate.dw:dropwizard:1.0-SNAPSHOT
  +-io.dropwizard:dropwizard-core:2.0.9
    +-io.dropwizard:dropwizard-jersey:2.0.9
      +-org.glassfish.jersey.inject:jersey-hk2:2.30.1
        +-org.javassist:javassist:3.25.0-GA
and
+-org.evaluate.dw:dropwizard:1.0-SNAPSHOT
  +-io.dropwizard:dropwizard-core:2.0.9
    +-io.dropwizard:dropwizard-jersey:2.0.9
      +-org.javassist:javassist:3.27.0-GA
, 
Dependency convergence error for org.apache.commons:commons-lang3:3.9 paths to dependency are:
+-org.evaluate.dw:dropwizard:1.0-SNAPSHOT
  +-io.dropwizard:dropwizard-core:2.0.9
    +-io.dropwizard:dropwizard-configuration:2.0.9
      +-org.apache.commons:commons-text:1.8
        +-org.apache.commons:commons-lang3:3.9
and
+-org.evaluate.dw:dropwizard:1.0-SNAPSHOT
  +-io.dropwizard:dropwizard-core:2.0.9
    +-io.dropwizard:dropwizard-logging:2.0.9
      +-org.apache.commons:commons-lang3:3.10
and
+-org.evaluate.dw:dropwizard:1.0-SNAPSHOT
  +-io.dropwizard:dropwizard-core:2.0.9
    +-io.dropwizard:dropwizard-jersey:2.0.9
      +-org.apache.commons:commons-lang3:3.10
and
+-org.evaluate.dw:dropwizard:1.0-SNAPSHOT
  +-io.dropwizard:dropwizard-core:2.0.9
    +-io.dropwizard:dropwizard-jetty:2.0.9
      +-org.apache.commons:commons-lang3:3.10
, 
Dependency convergence error for com.fasterxml.jackson.core:jackson-databind:2.10.4 paths to dependency are:
+-org.evaluate.dw:dropwizard:1.0-SNAPSHOT
  +-io.dropwizard:dropwizard-core:2.0.9
    +-io.dropwizard:dropwizard-jackson:2.0.9
      +-com.fasterxml.jackson.core:jackson-databind:2.10.4
and
+-org.evaluate.dw:dropwizard:1.0-SNAPSHOT
  +-io.dropwizard:dropwizard-core:2.0.9
    +-io.dropwizard:dropwizard-jackson:2.0.9
      +-com.fasterxml.jackson.datatype:jackson-datatype-guava:2.10.4
        +-com.fasterxml.jackson.core:jackson-databind:2.10.4
and
+-org.evaluate.dw:dropwizard:1.0-SNAPSHOT
  +-io.dropwizard:dropwizard-core:2.0.9
    +-io.dropwizard:dropwizard-jackson:2.0.9
      +-com.fasterxml.jackson.datatype:jackson-datatype-jsr310:2.10.4
        +-com.fasterxml.jackson.core:jackson-databind:2.10.4
and
+-org.evaluate.dw:dropwizard:1.0-SNAPSHOT
  +-io.dropwizard:dropwizard-core:2.0.9
    +-io.dropwizard:dropwizard-jackson:2.0.9
      +-com.fasterxml.jackson.datatype:jackson-datatype-jdk8:2.10.4
        +-com.fasterxml.jackson.core:jackson-databind:2.10.4
and
+-org.evaluate.dw:dropwizard:1.0-SNAPSHOT
  +-io.dropwizard:dropwizard-core:2.0.9
    +-io.dropwizard:dropwizard-jackson:2.0.9
      +-com.fasterxml.jackson.module:jackson-module-parameter-names:2.10.4
        +-com.fasterxml.jackson.core:jackson-databind:2.10.4
and
+-org.evaluate.dw:dropwizard:1.0-SNAPSHOT
  +-io.dropwizard:dropwizard-core:2.0.9
    +-io.dropwizard:dropwizard-jackson:2.0.9
      +-com.fasterxml.jackson.module:jackson-module-afterburner:2.10.4
        +-com.fasterxml.jackson.core:jackson-databind:2.10.4
and
+-org.evaluate.dw:dropwizard:1.0-SNAPSHOT
  +-io.dropwizard:dropwizard-core:2.0.9
    +-io.dropwizard:dropwizard-jackson:2.0.9
      +-com.fasterxml.jackson.datatype:jackson-datatype-joda:2.10.4
        +-com.fasterxml.jackson.core:jackson-databind:2.10.4
and
+-org.evaluate.dw:dropwizard:1.0-SNAPSHOT
  +-io.dropwizard:dropwizard-core:2.0.9
    +-io.dropwizard:dropwizard-configuration:2.0.9
      +-com.fasterxml.jackson.core:jackson-databind:2.10.4
and
+-org.evaluate.dw:dropwizard:1.0-SNAPSHOT
  +-io.dropwizard:dropwizard-core:2.0.9
    +-io.dropwizard:dropwizard-configuration:2.0.9
      +-com.fasterxml.jackson.dataformat:jackson-dataformat-yaml:2.10.4
        +-com.fasterxml.jackson.core:jackson-databind:2.10.4
and
+-org.evaluate.dw:dropwizard:1.0-SNAPSHOT
  +-io.dropwizard:dropwizard-core:2.0.9
    +-io.dropwizard:dropwizard-logging:2.0.9
      +-com.fasterxml.jackson.core:jackson-databind:2.10.4
and
+-org.evaluate.dw:dropwizard:1.0-SNAPSHOT
  +-io.dropwizard:dropwizard-core:2.0.9
    +-io.dropwizard:dropwizard-metrics:2.0.9
      +-com.fasterxml.jackson.core:jackson-databind:2.10.4
and
+-org.evaluate.dw:dropwizard:1.0-SNAPSHOT
  +-io.dropwizard:dropwizard-core:2.0.9
    +-io.dropwizard:dropwizard-jersey:2.0.9
      +-com.fasterxml.jackson.core:jackson-databind:2.10.4
and
+-org.evaluate.dw:dropwizard:1.0-SNAPSHOT
  +-io.dropwizard:dropwizard-core:2.0.9
    +-io.dropwizard:dropwizard-jersey:2.0.9
      +-com.fasterxml.jackson.jaxrs:jackson-jaxrs-json-provider:2.10.4
        +-com.fasterxml.jackson.jaxrs:jackson-jaxrs-base:2.10.4
          +-com.fasterxml.jackson.core:jackson-databind:2.10.4
and
+-org.evaluate.dw:dropwizard:1.0-SNAPSHOT
  +-io.dropwizard:dropwizard-core:2.0.9
    +-io.dropwizard:dropwizard-jersey:2.0.9
      +-com.fasterxml.jackson.jaxrs:jackson-jaxrs-json-provider:2.10.4
        +-com.fasterxml.jackson.module:jackson-module-jaxb-annotations:2.10.4
          +-com.fasterxml.jackson.core:jackson-databind:2.10.4
and
+-org.evaluate.dw:dropwizard:1.0-SNAPSHOT
  +-io.dropwizard:dropwizard-core:2.0.9
    +-io.dropwizard:dropwizard-jetty:2.0.9
      +-com.fasterxml.jackson.core:jackson-databind:2.10.4
and
+-org.evaluate.dw:dropwizard:1.0-SNAPSHOT
  +-io.dropwizard:dropwizard-core:2.0.9
    +-io.dropwizard.metrics:metrics-servlets:4.1.7
      +-io.dropwizard.metrics:metrics-json:4.1.7
        +-com.fasterxml.jackson.core:jackson-databind:2.9.10.3
and
+-org.evaluate.dw:dropwizard:1.0-SNAPSHOT
  +-io.dropwizard:dropwizard-core:2.0.9
    +-io.dropwizard.metrics:metrics-servlets:4.1.7
      +-com.fasterxml.jackson.core:jackson-databind:2.9.10.3
and
+-org.evaluate.dw:dropwizard:1.0-SNAPSHOT
  +-io.dropwizard:dropwizard-core:2.0.9
    +-io.dropwizard:dropwizard-request-logging:2.0.9
      +-com.fasterxml.jackson.core:jackson-databind:2.10.4
and
+-org.evaluate.dw:dropwizard:1.0-SNAPSHOT
  +-io.dropwizard:dropwizard-core:2.0.9
    +-com.fasterxml.jackson.core:jackson-databind:2.10.4
, 
Dependency convergence error for jakarta.annotation:jakarta.annotation-api:1.3.5 paths to dependency are:
+-org.evaluate.dw:dropwizard:1.0-SNAPSHOT
  +-io.dropwizard:dropwizard-core:2.0.9
    +-io.dropwizard:dropwizard-jersey:2.0.9
      +-org.glassfish.jersey.core:jersey-server:2.30.1
        +-jakarta.annotation:jakarta.annotation-api:1.3.5
and
+-org.evaluate.dw:dropwizard:1.0-SNAPSHOT
  +-io.dropwizard:dropwizard-core:2.0.9
    +-io.dropwizard:dropwizard-jersey:2.0.9
      +-jakarta.annotation:jakarta.annotation-api:1.3.5
and
+-org.evaluate.dw:dropwizard:1.0-SNAPSHOT
  +-io.dropwizard:dropwizard-core:2.0.9
    +-io.dropwizard:dropwizard-jersey:2.0.9
      +-org.glassfish.hk2:hk2-api:2.6.1
        +-org.glassfish.hk2:hk2-utils:2.6.1
          +-jakarta.annotation:jakarta.annotation-api:1.3.4
and
+-org.evaluate.dw:dropwizard:1.0-SNAPSHOT
  +-io.dropwizard:dropwizard-core:2.0.9
    +-org.glassfish.jersey.core:jersey-common:2.30.1
      +-jakarta.annotation:jakarta.annotation-api:1.3.5
, 
Dependency convergence error for org.hibernate.validator:hibernate-validator:6.1.4.Final paths to dependency are:
+-org.evaluate.dw:dropwizard:1.0-SNAPSHOT
  +-io.dropwizard:dropwizard-core:2.0.9
    +-io.dropwizard:dropwizard-validation:2.0.9
      +-org.hibernate.validator:hibernate-validator:6.1.4.Final
and
+-org.evaluate.dw:dropwizard:1.0-SNAPSHOT
  +-io.dropwizard:dropwizard-core:2.0.9
    +-io.dropwizard:dropwizard-jersey:2.0.9
      +-org.hibernate.validator:hibernate-validator:6.1.4.Final
and
+-org.evaluate.dw:dropwizard:1.0-SNAPSHOT
  +-io.dropwizard:dropwizard-core:2.0.9
    +-org.glassfish.jersey.ext:jersey-bean-validation:2.30.1
      +-org.hibernate.validator:hibernate-validator:6.0.17.Final
and
+-org.evaluate.dw:dropwizard:1.0-SNAPSHOT
  +-io.dropwizard:dropwizard-core:2.0.9
    +-org.hibernate.validator:hibernate-validator:6.1.4.Final
]
[[1;34mINFO[m] [1m------------------------------------------------------------------------[m
[[1;34mINFO[m] [1;31mBUILD FAILURE[m
[[1;34mINFO[m] [1m------------------------------------------------------------------------[m
[[1;34mINFO[m] Total time:  7.472 s
[[1;34mINFO[m] Finished at: 2020-05-14T21:50:13+03:00
[[1;34mINFO[m] [1m------------------------------------------------------------------------[m
[[1;31mERROR[m] Failed to execute goal [32morg.apache.maven.plugins:maven-enforcer-plugin:1.4.1:enforce[m [1m(enforce)[m on project [36mdropwizard[m: [1;31mSome Enforcer rules have failed. Look above for specific messages explaining why the rule failed.[m -> [1m[Help 1][m
[[1;31mERROR[m] 
[[1;31mERROR[m] To see the full stack trace of the errors, re-run Maven with the [1m-e[m switch.
[[1;31mERROR[m] Re-run Maven using the [1m-X[m switch to enable full debug logging.
[[1;31mERROR[m] 
[[1;31mERROR[m] For more information about the errors and possible solutions, please read the following articles:
[[1;31mERROR[m] [1m[Help 1][m http://cwiki.apache.org/confluence/display/MAVEN/MojoExecutionException
